<?xml version="1.0" encoding="UTF-8"?>
<!-- Generated by org.testng.reporters.JUnitReportReporter -->
<testsuite hostname="DESKTOP-OND3CLR" failures="0" tests="2" name="TestRunner" time="0.917" errors="0" timestamp="23 Jan 2020 10:54:45 GMT">
  <testcase classname="TestRunner" name="modificationAdresse" time="0.028"/>
  <testcase classname="TestRunner" name="feature" time="0.889"/>
</testsuite> <!-- TestRunner -->
